This file contains any messages produced by compilers while
running configure, to aid debugging if configure makes a mistake.

It was created by cma-pkg configure 0.01, which was
generated by GNU Autoconf 2.68.  Invocation command line was

  $ ./configure --build=i686-linux-gnu --prefix=/usr --includedir=${prefix}/include --mandir=${prefix}/share/man --infodir=${prefix}/share/info --sysconfdir=/etc --localstatedir=/var --libexecdir=${prefix}/lib/cpts --disable-maintainer-mode --disable-dependency-tracking

## --------- ##
## Platform. ##
## --------- ##

hostname = Frodo
uname -m = i686
uname -r = 3.0.0-13-generic-pae
uname -s = Linux
uname -v = #22-Ubuntu SMP Wed Nov 2 15:17:35 UTC 2011

/usr/bin/uname -p = unknown
/bin/uname -X     = unknown

/bin/arch              = unknown
/usr/bin/arch -k       = unknown
/usr/convex/getsysinfo = unknown
/usr/bin/hostinfo      = unknown
/bin/machine           = unknown
/usr/bin/oslevel       = unknown
/bin/universe          = unknown

PATH: /usr/local/sbin
PATH: /usr/local/bin
PATH: /usr/sbin
PATH: /usr/bin
PATH: /sbin
PATH: /bin
PATH: /usr/games


## ----------- ##
## Core tests. ##
## ----------- ##

configure:2276: checking for a BSD-compatible install
configure:2344: result: /usr/bin/install -c
configure:2355: checking whether build environment is sane
configure:2405: result: yes
configure:2546: checking for a thread-safe mkdir -p
configure:2585: result: /bin/mkdir -p
configure:2598: checking for gawk
configure:2628: result: no
configure:2598: checking for mawk
configure:2614: found /usr/bin/mawk
configure:2625: result: mawk
configure:2636: checking whether make sets $(MAKE)
configure:2658: result: yes
configure:2791: checking for gcc
configure:2807: found /usr/bin/gcc
configure:2818: result: gcc
configure:3047: checking for C compiler version
configure:3056: gcc --version >&5
gcc (Ubuntu/Linaro 4.6.1-9ubuntu3) 4.6.1
Copyright (C) 2011 Free Software Foundation, Inc.
This is free software; see the source for copying conditions.  There is NO
warranty; not even for MERCHANTABILITY or FITNESS FOR A PARTICULAR PURPOSE.

configure:3067: $? = 0
configure:3056: gcc -v >&5
Using built-in specs.
COLLECT_GCC=gcc
COLLECT_LTO_WRAPPER=/usr/lib/gcc/i686-linux-gnu/4.6.1/lto-wrapper
Target: i686-linux-gnu
Configured with: ../src/configure -v --with-pkgversion='Ubuntu/Linaro 4.6.1-9ubuntu3' --with-bugurl=file:///usr/share/doc/gcc-4.6/README.Bugs --enable-languages=c,c++,fortran,objc,obj-c++,go --prefix=/usr --program-suffix=-4.6 --enable-shared --enable-linker-build-id --with-system-zlib --libexecdir=/usr/lib --without-included-gettext --enable-threads=posix --with-gxx-include-dir=/usr/include/c++/4.6 --libdir=/usr/lib --enable-nls --with-sysroot=/ --enable-clocale=gnu --enable-libstdcxx-debug --enable-libstdcxx-time=yes --enable-plugin --enable-objc-gc --enable-targets=all --disable-werror --with-arch-32=i686 --with-tune=generic --enable-checking=release --build=i686-linux-gnu --host=i686-linux-gnu --target=i686-linux-gnu
Thread model: posix
gcc version 4.6.1 (Ubuntu/Linaro 4.6.1-9ubuntu3) 
configure:3067: $? = 0
configure:3056: gcc -V >&5
gcc: error: unrecognized option '-V'
gcc: fatal error: no input files
compilation terminated.
configure:3067: $? = 4
configure:3056: gcc -qversion >&5
gcc: error: unrecognized option '-qversion'
gcc: fatal error: no input files
compilation terminated.
configure:3067: $? = 4
configure:3087: checking whether the C compiler works
configure:3109: gcc -g -O2  -Wl,-Bsymbolic-functions conftest.c  >&5
configure:3113: $? = 0
configure:3161: result: yes
configure:3164: checking for C compiler default output file name
configure:3166: result: a.out
configure:3172: checking for suffix of executables
configure:3179: gcc -o conftest -g -O2  -Wl,-Bsymbolic-functions conftest.c  >&5
configure:3183: $? = 0
configure:3205: result: 
configure:3227: checking whether we are cross compiling
configure:3235: gcc -o conftest -g -O2  -Wl,-Bsymbolic-functions conftest.c  >&5
configure:3239: $? = 0
configure:3246: ./conftest
configure:3250: $? = 0
configure:3265: result: no
configure:3270: checking for suffix of object files
configure:3292: gcc -c -g -O2  conftest.c >&5
configure:3296: $? = 0
configure:3317: result: o
configure:3321: checking whether we are using the GNU C compiler
configure:3340: gcc -c -g -O2  conftest.c >&5
configure:3340: $? = 0
configure:3349: result: yes
configure:3358: checking whether gcc accepts -g
configure:3378: gcc -c -g  conftest.c >&5
configure:3378: $? = 0
configure:3419: result: yes
configure:3436: checking for gcc option to accept ISO C89
configure:3500: gcc  -c -g -O2  conftest.c >&5
configure:3500: $? = 0
configure:3513: result: none needed
configure:3544: checking for style of include used by make
configure:3572: result: GNU
configure:3597: checking dependency style of gcc
configure:3707: result: none
configure:3753: checking build system type
configure:3767: result: i686-pc-linux-gnu
configure:3787: checking host system type
configure:3800: result: i686-pc-linux-gnu
configure:3841: checking how to print strings
configure:3868: result: printf
configure:3889: checking for a sed that does not truncate output
configure:3953: result: /bin/sed
configure:3971: checking for grep that handles long lines and -e
configure:4029: result: /bin/grep
configure:4034: checking for egrep
configure:4096: result: /bin/grep -E
configure:4101: checking for fgrep
configure:4163: result: /bin/grep -F
configure:4198: checking for ld used by gcc
configure:4265: result: /usr/bin/ld
configure:4272: checking if the linker (/usr/bin/ld) is GNU ld
configure:4287: result: yes
configure:4299: checking for BSD- or MS-compatible name lister (nm)
configure:4348: result: /usr/bin/nm -B
configure:4478: checking the name lister (/usr/bin/nm -B) interface
configure:4485: gcc -c -g -O2  conftest.c >&5
configure:4488: /usr/bin/nm -B "conftest.o"
configure:4491: output
00000000 B some_variable
configure:4498: result: BSD nm
configure:4501: checking whether ln -s works
configure:4505: result: yes
configure:4513: checking the maximum length of command line arguments
configure:4638: result: 805306365
configure:4655: checking whether the shell understands some XSI constructs
configure:4665: result: yes
configure:4669: checking whether the shell understands "+="
configure:4675: result: yes
configure:4710: checking how to convert i686-pc-linux-gnu file names to i686-pc-linux-gnu format
configure:4750: result: func_convert_file_noop
configure:4757: checking how to convert i686-pc-linux-gnu file names to toolchain format
configure:4777: result: func_convert_file_noop
configure:4784: checking for /usr/bin/ld option to reload object files
configure:4791: result: -r
configure:4865: checking for objdump
configure:4881: found /usr/bin/objdump
configure:4892: result: objdump
configure:4924: checking how to recognize dependent libraries
configure:5126: result: pass_all
configure:5211: checking for dlltool
configure:5241: result: no
configure:5271: checking how to associate runtime and link libraries
configure:5298: result: printf %s\n
configure:5359: checking for ar
configure:5375: found /usr/bin/ar
configure:5386: result: ar
configure:5423: checking for archiver @FILE support
configure:5440: gcc -c -g -O2  conftest.c >&5
configure:5440: $? = 0
configure:5443: ar cru libconftest.a @conftest.lst >&5
configure:5446: $? = 0
configure:5451: ar cru libconftest.a @conftest.lst >&5
ar: conftest.o: No such file or directory
configure:5454: $? = 1
configure:5466: result: @
configure:5524: checking for strip
configure:5540: found /usr/bin/strip
configure:5551: result: strip
configure:5623: checking for ranlib
configure:5639: found /usr/bin/ranlib
configure:5650: result: ranlib
configure:5752: checking command to parse /usr/bin/nm -B output from gcc object
configure:5871: gcc -c -g -O2  conftest.c >&5
configure:5874: $? = 0
configure:5878: /usr/bin/nm -B conftest.o \| sed -n -e 's/^.*[ ]\([ABCDGIRSTW][ABCDGIRSTW]*\)[ ][ ]*\([_A-Za-z][_A-Za-z0-9]*\)$/\1 \2 \2/p' | sed '/ __gnu_lto/d' \> conftest.nm
configure:5881: $? = 0
configure:5947: gcc -o conftest -g -O2  -Wl,-Bsymbolic-functions conftest.c conftstm.o >&5
configure:5950: $? = 0
configure:5988: result: ok
configure:6025: checking for sysroot
configure:6055: result: no
configure:6298: checking for mt
configure:6314: found /bin/mt
configure:6325: result: mt
configure:6348: checking if mt is a manifest tool
configure:6354: mt '-?'
configure:6362: result: no
configure:6994: checking how to run the C preprocessor
configure:7025: gcc -E  conftest.c
configure:7025: $? = 0
configure:7039: gcc -E  conftest.c
conftest.c:11:28: fatal error: ac_nonexistent.h: No such file or directory
compilation terminated.
configure:7039: $? = 1
configure: failed program was:
| /* confdefs.h */
| #define PACKAGE_NAME "cma-pkg"
| #define PACKAGE_TARNAME "cma-pkg"
| #define PACKAGE_VERSION "0.01"
| #define PACKAGE_STRING "cma-pkg 0.01"
| #define PACKAGE_BUGREPORT "jammen@gmail.com"
| #define PACKAGE_URL ""
| #define PACKAGE "cma-pkg"
| #define VERSION "0.01"
| /* end confdefs.h.  */
| #include <ac_nonexistent.h>
configure:7064: result: gcc -E
configure:7084: gcc -E  conftest.c
configure:7084: $? = 0
configure:7098: gcc -E  conftest.c
conftest.c:11:28: fatal error: ac_nonexistent.h: No such file or directory
compilation terminated.
configure:7098: $? = 1
configure: failed program was:
| /* confdefs.h */
| #define PACKAGE_NAME "cma-pkg"
| #define PACKAGE_TARNAME "cma-pkg"
| #define PACKAGE_VERSION "0.01"
| #define PACKAGE_STRING "cma-pkg 0.01"
| #define PACKAGE_BUGREPORT "jammen@gmail.com"
| #define PACKAGE_URL ""
| #define PACKAGE "cma-pkg"
| #define VERSION "0.01"
| /* end confdefs.h.  */
| #include <ac_nonexistent.h>
configure:7127: checking for ANSI C header files
configure:7147: gcc -c -g -O2  conftest.c >&5
configure:7147: $? = 0
configure:7220: gcc -o conftest -g -O2  -Wl,-Bsymbolic-functions conftest.c  >&5
configure:7220: $? = 0
configure:7220: ./conftest
configure:7220: $? = 0
configure:7231: result: yes
configure:7244: checking for sys/types.h
configure:7244: gcc -c -g -O2  conftest.c >&5
configure:7244: $? = 0
configure:7244: result: yes
configure:7244: checking for sys/stat.h
configure:7244: gcc -c -g -O2  conftest.c >&5
configure:7244: $? = 0
configure:7244: result: yes
configure:7244: checking for stdlib.h
configure:7244: gcc -c -g -O2  conftest.c >&5
configure:7244: $? = 0
configure:7244: result: yes
configure:7244: checking for string.h
configure:7244: gcc -c -g -O2  conftest.c >&5
configure:7244: $? = 0
configure:7244: result: yes
configure:7244: checking for memory.h
configure:7244: gcc -c -g -O2  conftest.c >&5
configure:7244: $? = 0
configure:7244: result: yes
configure:7244: checking for strings.h
configure:7244: gcc -c -g -O2  conftest.c >&5
configure:7244: $? = 0
configure:7244: result: yes
configure:7244: checking for inttypes.h
configure:7244: gcc -c -g -O2  conftest.c >&5
configure:7244: $? = 0
configure:7244: result: yes
configure:7244: checking for stdint.h
configure:7244: gcc -c -g -O2  conftest.c >&5
configure:7244: $? = 0
configure:7244: result: yes
configure:7244: checking for unistd.h
configure:7244: gcc -c -g -O2  conftest.c >&5
configure:7244: $? = 0
configure:7244: result: yes
configure:7258: checking for dlfcn.h
configure:7258: gcc -c -g -O2  conftest.c >&5
configure:7258: $? = 0
configure:7258: result: yes
configure:7445: checking for objdir
configure:7460: result: .libs
configure:7731: checking if gcc supports -fno-rtti -fno-exceptions
configure:7749: gcc -c -g -O2  -fno-rtti -fno-exceptions conftest.c >&5
cc1: warning: command line option '-fno-rtti' is valid for C++/ObjC++ but not for C [enabled by default]
configure:7753: $? = 0
configure:7766: result: no
configure:8076: checking for gcc option to produce PIC
configure:8083: result: -fPIC -DPIC
configure:8091: checking if gcc PIC flag -fPIC -DPIC works
configure:8109: gcc -c -g -O2  -fPIC -DPIC -DPIC conftest.c >&5
configure:8113: $? = 0
configure:8126: result: yes
configure:8155: checking if gcc static flag -static works
configure:8183: result: yes
configure:8198: checking if gcc supports -c -o file.o
configure:8219: gcc -c -g -O2  -o out/conftest2.o conftest.c >&5
configure:8223: $? = 0
configure:8245: result: yes
configure:8253: checking if gcc supports -c -o file.o
configure:8300: result: yes
configure:8333: checking whether the gcc linker (/usr/bin/ld) supports shared libraries
configure:9495: result: yes
configure:9532: checking whether -lc should be explicitly linked in
configure:9540: gcc -c -g -O2  conftest.c >&5
configure:9543: $? = 0
configure:9558: gcc -shared  -fPIC -DPIC conftest.o  -v -Wl,-soname -Wl,conftest -o conftest 2\>\&1 \| /bin/grep  -lc  \>/dev/null 2\>\&1
configure:9561: $? = 0
configure:9575: result: no
configure:9740: checking dynamic linker characteristics
configure:10255: gcc -o conftest -g -O2  -Wl,-Bsymbolic-functions -Wl,-rpath -Wl,/foo conftest.c  >&5
configure:10255: $? = 0
configure:10489: result: GNU/Linux ld.so
configure:10596: checking how to hardcode library paths into programs
configure:10621: result: immediate
configure:11161: checking whether stripping libraries is possible
configure:11166: result: yes
configure:11201: checking if libtool supports shared libraries
configure:11203: result: yes
configure:11206: checking whether to build shared libraries
configure:11227: result: yes
configure:11230: checking whether to build static libraries
configure:11234: result: yes
configure:11274: checking limits.h usability
configure:11274: gcc -c -g -O2  conftest.c >&5
configure:11274: $? = 0
configure:11274: result: yes
configure:11274: checking limits.h presence
configure:11274: gcc -E  conftest.c
configure:11274: $? = 0
configure:11274: result: yes
configure:11274: checking for limits.h
configure:11274: result: yes
configure:11274: checking for stdlib.h
configure:11274: result: yes
configure:11274: checking for string.h
configure:11274: result: yes
configure:11286: checking for size_t
configure:11286: gcc -c -g -O2  conftest.c >&5
configure:11286: $? = 0
configure:11286: gcc -c -g -O2  conftest.c >&5
conftest.c: In function 'main':
conftest.c:62:21: error: expected expression before ')' token
configure:11286: $? = 1
configure: failed program was:
| /* confdefs.h */
| #define PACKAGE_NAME "cma-pkg"
| #define PACKAGE_TARNAME "cma-pkg"
| #define PACKAGE_VERSION "0.01"
| #define PACKAGE_STRING "cma-pkg 0.01"
| #define PACKAGE_BUGREPORT "jammen@gmail.com"
| #define PACKAGE_URL ""
| #define PACKAGE "cma-pkg"
| #define VERSION "0.01"
| #define STDC_HEADERS 1
| #define HAVE_SYS_TYPES_H 1
| #define HAVE_SYS_STAT_H 1
| #define HAVE_STDLIB_H 1
| #define HAVE_STRING_H 1
| #define HAVE_MEMORY_H 1
| #define HAVE_STRINGS_H 1
| #define HAVE_INTTYPES_H 1
| #define HAVE_STDINT_H 1
| #define HAVE_UNISTD_H 1
| #define HAVE_DLFCN_H 1
| #define LT_OBJDIR ".libs/"
| #define HAVE_LIMITS_H 1
| #define HAVE_STDLIB_H 1
| #define HAVE_STRING_H 1
| /* end confdefs.h.  */
| #include <stdio.h>
| #ifdef HAVE_SYS_TYPES_H
| # include <sys/types.h>
| #endif
| #ifdef HAVE_SYS_STAT_H
| # include <sys/stat.h>
| #endif
| #ifdef STDC_HEADERS
| # include <stdlib.h>
| # include <stddef.h>
| #else
| # ifdef HAVE_STDLIB_H
| #  include <stdlib.h>
| # endif
| #endif
| #ifdef HAVE_STRING_H
| # if !defined STDC_HEADERS && defined HAVE_MEMORY_H
| #  include <memory.h>
| # endif
| # include <string.h>
| #endif
| #ifdef HAVE_STRINGS_H
| # include <strings.h>
| #endif
| #ifdef HAVE_INTTYPES_H
| # include <inttypes.h>
| #endif
| #ifdef HAVE_STDINT_H
| # include <stdint.h>
| #endif
| #ifdef HAVE_UNISTD_H
| # include <unistd.h>
| #endif
| int
| main ()
| {
| if (sizeof ((size_t)))
| 	    return 0;
|   ;
|   return 0;
| }
configure:11286: result: yes
configure:11301: checking for stdlib.h
configure:11301: result: yes
configure:11311: checking for GNU libc compatible malloc
configure:11335: gcc -o conftest -g -O2  -Wl,-Bsymbolic-functions conftest.c  >&5
configure:11335: $? = 0
configure:11335: ./conftest
configure:11335: $? = 0
configure:11345: result: yes
configure:11368: checking for memset
configure:11368: gcc -o conftest -g -O2  -Wl,-Bsymbolic-functions conftest.c  >&5
conftest.c:51:6: warning: conflicting types for built-in function 'memset' [enabled by default]
configure:11368: $? = 0
configure:11368: result: yes
configure:11546: creating ./config.status

## ---------------------- ##
## Running config.status. ##
## ---------------------- ##

This file was extended by cma-pkg config.status 0.01, which was
generated by GNU Autoconf 2.68.  Invocation command line was

  CONFIG_FILES    = 
  CONFIG_HEADERS  = 
  CONFIG_LINKS    = 
  CONFIG_COMMANDS = 
  $ ./config.status 

on Frodo

config.status:1011: creating Makefile
config.status:1011: creating src/Makefile
config.status:1183: executing depfiles commands
config.status:1183: executing libtool commands
configure:13595: WARNING: unrecognized options: --disable-maintainer-mode
configure:13769: creating ./config.status

## ---------------------- ##
## Running config.status. ##
## ---------------------- ##

This file was extended by cma-pkg config.status 0.01, which was
generated by GNU Autoconf 2.68.  Invocation command line was

  CONFIG_FILES    = 
  CONFIG_HEADERS  = 
  CONFIG_LINKS    = 
  CONFIG_COMMANDS = 
  $ ./config.status 

on Frodo

config.status:1012: creating Makefile
config.status:1012: creating src/Makefile
config.status:1184: executing depfiles commands
config.status:1184: executing libtool commands
configure:15819: WARNING: unrecognized options: --disable-maintainer-mode

## ---------------- ##
## Cache variables. ##
## ---------------- ##

ac_cv_build=i686-pc-linux-gnu
ac_cv_c_compiler_gnu=yes
ac_cv_env_CC_set=
ac_cv_env_CC_value=
ac_cv_env_CFLAGS_set=set
ac_cv_env_CFLAGS_value='-g -O2'
ac_cv_env_CPPFLAGS_set=set
ac_cv_env_CPPFLAGS_value=
ac_cv_env_CPP_set=
ac_cv_env_CPP_value=
ac_cv_env_LDFLAGS_set=set
ac_cv_env_LDFLAGS_value=-Wl,-Bsymbolic-functions
ac_cv_env_LIBS_set=
ac_cv_env_LIBS_value=
ac_cv_env_build_alias_set=set
ac_cv_env_build_alias_value=i686-linux-gnu
ac_cv_env_host_alias_set=
ac_cv_env_host_alias_value=
ac_cv_env_target_alias_set=
ac_cv_env_target_alias_value=
ac_cv_func_malloc_0_nonnull=yes
ac_cv_func_memset=yes
ac_cv_header_dlfcn_h=yes
ac_cv_header_inttypes_h=yes
ac_cv_header_limits_h=yes
ac_cv_header_memory_h=yes
ac_cv_header_stdc=yes
ac_cv_header_stdint_h=yes
ac_cv_header_stdlib_h=yes
ac_cv_header_string_h=yes
ac_cv_header_strings_h=yes
ac_cv_header_sys_stat_h=yes
ac_cv_header_sys_types_h=yes
ac_cv_header_unistd_h=yes
ac_cv_host=i686-pc-linux-gnu
ac_cv_objext=o
ac_cv_path_EGREP='/bin/grep -E'
ac_cv_path_FGREP='/bin/grep -F'
ac_cv_path_GREP=/bin/grep
ac_cv_path_SED=/bin/sed
ac_cv_path_install='/usr/bin/install -c'
ac_cv_path_mkdir=/bin/mkdir
ac_cv_prog_AWK=mawk
ac_cv_prog_CPP='gcc -E'
ac_cv_prog_ac_ct_AR=ar
ac_cv_prog_ac_ct_CC=gcc
ac_cv_prog_ac_ct_MANIFEST_TOOL=mt
ac_cv_prog_ac_ct_OBJDUMP=objdump
ac_cv_prog_ac_ct_RANLIB=ranlib
ac_cv_prog_ac_ct_STRIP=strip
ac_cv_prog_cc_c89=
ac_cv_prog_cc_g=yes
ac_cv_prog_make_make_set=yes
ac_cv_type_size_t=yes
am_cv_CC_dependencies_compiler_type=none
lt_cv_ar_at_file=@
lt_cv_archive_cmds_need_lc=no
lt_cv_deplibs_check_method=pass_all
lt_cv_file_magic_cmd='$MAGIC_CMD'
lt_cv_file_magic_test_file=
lt_cv_ld_reload_flag=-r
lt_cv_nm_interface='BSD nm'
lt_cv_objdir=.libs
lt_cv_path_LD=/usr/bin/ld
lt_cv_path_NM='/usr/bin/nm -B'
lt_cv_path_mainfest_tool=no
lt_cv_prog_compiler_c_o=yes
lt_cv_prog_compiler_pic='-fPIC -DPIC'
lt_cv_prog_compiler_pic_works=yes
lt_cv_prog_compiler_rtti_exceptions=no
lt_cv_prog_compiler_static_works=yes
lt_cv_prog_gnu_ld=yes
lt_cv_sharedlib_from_linklib_cmd='printf %s\n'
lt_cv_shlibpath_overrides_runpath=no
lt_cv_sys_global_symbol_pipe='sed -n -e '\''s/^.*[	 ]\([ABCDGIRSTW][ABCDGIRSTW]*\)[	 ][	 ]*\([_A-Za-z][_A-Za-z0-9]*\)$/\1 \2 \2/p'\'' | sed '\''/ __gnu_lto/d'\'''
lt_cv_sys_global_symbol_to_c_name_address='sed -n -e '\''s/^: \([^ ]*\)[ ]*$/  {\"\1\", (void *) 0},/p'\'' -e '\''s/^[ABCDGIRSTW]* \([^ ]*\) \([^ ]*\)$/  {"\2", (void *) \&\2},/p'\'''
lt_cv_sys_global_symbol_to_c_name_address_lib_prefix='sed -n -e '\''s/^: \([^ ]*\)[ ]*$/  {\"\1\", (void *) 0},/p'\'' -e '\''s/^[ABCDGIRSTW]* \([^ ]*\) \(lib[^ ]*\)$/  {"\2", (void *) \&\2},/p'\'' -e '\''s/^[ABCDGIRSTW]* \([^ ]*\) \([^ ]*\)$/  {"lib\2", (void *) \&\2},/p'\'''
lt_cv_sys_global_symbol_to_cdecl='sed -n -e '\''s/^T .* \(.*\)$/extern int \1();/p'\'' -e '\''s/^[ABCDGIRSTW]* .* \(.*\)$/extern char \1;/p'\'''
lt_cv_sys_max_cmd_len=805306365
lt_cv_to_host_file_cmd=func_convert_file_noop
lt_cv_to_tool_file_cmd=func_convert_file_noop

## ----------------- ##
## Output variables. ##
## ----------------- ##

ACLOCAL='${SHELL} /home/joe/src/cpts-224/missing --run aclocal-1.11'
AMDEPBACKSLASH=''
AMDEP_FALSE=''
AMDEP_TRUE='#'
AMTAR='${SHELL} /home/joe/src/cpts-224/missing --run tar'
AR='ar'
AUTOCONF='${SHELL} /home/joe/src/cpts-224/missing --run autoconf'
AUTOHEADER='${SHELL} /home/joe/src/cpts-224/missing --run autoheader'
AUTOMAKE='${SHELL} /home/joe/src/cpts-224/missing --run automake-1.11'
AWK='mawk'
CC='gcc'
CCDEPMODE='depmode=none'
CFLAGS='-g -O2'
CPP='gcc -E'
CPPFLAGS=''
CYGPATH_W='echo'
DEFS='-DPACKAGE_NAME=\"cma-pkg\" -DPACKAGE_TARNAME=\"cma-pkg\" -DPACKAGE_VERSION=\"0.01\" -DPACKAGE_STRING=\"cma-pkg\ 0.01\" -DPACKAGE_BUGREPORT=\"jammen@gmail.com\" -DPACKAGE_URL=\"\" -DPACKAGE=\"cma-pkg\" -DVERSION=\"0.01\" -DSTDC_HEADERS=1 -DHAVE_SYS_TYPES_H=1 -DHAVE_SYS_STAT_H=1 -DHAVE_STDLIB_H=1 -DHAVE_STRING_H=1 -DHAVE_MEMORY_H=1 -DHAVE_STRINGS_H=1 -DHAVE_INTTYPES_H=1 -DHAVE_STDINT_H=1 -DHAVE_UNISTD_H=1 -DHAVE_DLFCN_H=1 -DLT_OBJDIR=\".libs/\" -DHAVE_LIMITS_H=1 -DHAVE_STDLIB_H=1 -DHAVE_STRING_H=1 -DHAVE_STDLIB_H=1 -DHAVE_MALLOC=1 -DHAVE_MEMSET=1'
DEPDIR='.deps'
DLLTOOL='false'
DSYMUTIL=''
DUMPBIN=''
ECHO_C=''
ECHO_N='-n'
ECHO_T=''
EGREP='/bin/grep -E'
EXEEXT=''
FGREP='/bin/grep -F'
GREP='/bin/grep'
INSTALL_DATA='${INSTALL} -m 644'
INSTALL_PROGRAM='${INSTALL}'
INSTALL_SCRIPT='${INSTALL}'
INSTALL_STRIP_PROGRAM='$(install_sh) -c -s'
LD='/usr/bin/ld'
LDFLAGS='-Wl,-Bsymbolic-functions'
LIBOBJS=''
LIBS=''
LIBTOOL='$(SHELL) $(top_builddir)/libtool'
LIPO=''
LN_S='ln -s'
LTLIBOBJS=''
MAKEINFO='${SHELL} /home/joe/src/cpts-224/missing --run makeinfo'
MANIFEST_TOOL=':'
MKDIR_P='/bin/mkdir -p'
NM='/usr/bin/nm -B'
NMEDIT=''
OBJDUMP='objdump'
OBJEXT='o'
OTOOL64=''
OTOOL=''
PACKAGE='cma-pkg'
PACKAGE_BUGREPORT='jammen@gmail.com'
PACKAGE_NAME='cma-pkg'
PACKAGE_STRING='cma-pkg 0.01'
PACKAGE_TARNAME='cma-pkg'
PACKAGE_URL=''
PACKAGE_VERSION='0.01'
PATH_SEPARATOR=':'
RANLIB='ranlib'
SED='/bin/sed'
SET_MAKE=''
SHELL='/bin/bash'
STRIP='strip'
VERSION='0.01'
ac_ct_AR='ar'
ac_ct_CC='gcc'
ac_ct_DUMPBIN=''
am__EXEEXT_FALSE=''
am__EXEEXT_TRUE='#'
am__fastdepCC_FALSE=''
am__fastdepCC_TRUE='#'
am__include='include'
am__isrc=''
am__leading_dot='.'
am__quote=''
am__tar='${AMTAR} chof - "$$tardir"'
am__untar='${AMTAR} xf -'
bindir='${exec_prefix}/bin'
build='i686-pc-linux-gnu'
build_alias='i686-linux-gnu'
build_cpu='i686'
build_os='linux-gnu'
build_vendor='pc'
datadir='${datarootdir}'
datarootdir='${prefix}/share'
docdir='${datarootdir}/doc/${PACKAGE_TARNAME}'
dvidir='${docdir}'
exec_prefix='${prefix}'
host='i686-pc-linux-gnu'
host_alias=''
host_cpu='i686'
host_os='linux-gnu'
host_vendor='pc'
htmldir='${docdir}'
includedir='${prefix}/include'
infodir='${prefix}/share/info'
install_sh='${SHELL} /home/joe/src/cpts-224/install-sh'
libdir='${exec_prefix}/lib'
libexecdir='${prefix}/lib/cpts'
localedir='${datarootdir}/locale'
localstatedir='/var'
mandir='${prefix}/share/man'
mkdir_p='/bin/mkdir -p'
oldincludedir='/usr/include'
pdfdir='${docdir}'
prefix='/usr'
program_transform_name='s,x,x,'
psdir='${docdir}'
sbindir='${exec_prefix}/sbin'
sharedstatedir='${prefix}/com'
sysconfdir='/etc'
target_alias=''

## ----------- ##
## confdefs.h. ##
## ----------- ##

/* confdefs.h */
#define PACKAGE_NAME "cma-pkg"
#define PACKAGE_TARNAME "cma-pkg"
#define PACKAGE_VERSION "0.01"
#define PACKAGE_STRING "cma-pkg 0.01"
#define PACKAGE_BUGREPORT "jammen@gmail.com"
#define PACKAGE_URL ""
#define PACKAGE "cma-pkg"
#define VERSION "0.01"
#define STDC_HEADERS 1
#define HAVE_SYS_TYPES_H 1
#define HAVE_SYS_STAT_H 1
#define HAVE_STDLIB_H 1
#define HAVE_STRING_H 1
#define HAVE_MEMORY_H 1
#define HAVE_STRINGS_H 1
#define HAVE_INTTYPES_H 1
#define HAVE_STDINT_H 1
#define HAVE_UNISTD_H 1
#define HAVE_DLFCN_H 1
#define LT_OBJDIR ".libs/"
#define HAVE_LIMITS_H 1
#define HAVE_STDLIB_H 1
#define HAVE_STRING_H 1
#define HAVE_STDLIB_H 1
#define HAVE_MALLOC 1
#define HAVE_MEMSET 1

configure: exit 0
